20221207	22:57:51	71b5577c-9cdb-4de6-b3bf-5de998e54182	GET	/	undefined
20221207	22:57:53	4fe8d37c-c2e5-4aca-a9eb-45762fd67875	GET	/favicon.ico	undefined
20221207	22:58:53	8f9fc794-b8c8-487f-b1d6-635128a696cb	GET	/	undefined
20221207	22:58:53	4ea5de95-6fdc-4abe-a9f4-dbdf0a8dfab0	GET	/css/error.css	undefined
20221207	22:58:54	956f0cc2-e6f4-4074-8ada-30a450857d93	GET	/favicon.ico	undefined
20221207	23:00:33	c6a1e21e-17f1-407d-af31-061dd70a43f7	GET	/	undefined
20221207	23:00:34	54ebfa90-092d-4797-805e-6291e7f3a3ab	GET	/favicon.ico	undefined
20221207	23:00:37	a0655073-a545-4fd4-a15a-23afe7239349	GET	/d	undefined
20221207	23:00:37	f3f56a2b-989a-498d-af26-07927c39aaa9	GET	/css/error.css	undefined
20221207	23:00:38	de6e963c-88af-4ac9-a478-96f055d782d8	GET	/favicon.ico	undefined
20221211	18:52:36	a011410f-89df-47ba-99d5-ff10b11cb062	POST	/api/v1/users/register	undefined
20221211	18:55:53	aeebd83c-ea71-472a-8516-a6da153295d5	POST	/api/v1/users/register	undefined
20221211	18:56:58	8e732c34-ad01-40d5-8777-283a6bb4413f	POST	/api/v1/users/register	undefined
20221211	18:59:20	616b1c5d-6650-4646-bae4-5ff5a82fcfc9	POST	/api/v1/users/register	undefined
20221211	18:59:24	226ca3f9-f030-436e-bca6-2fe6ac53c070	POST	/api/v1/users/register	undefined
20221211	18:59:59	bf26b166-91e2-474f-bfca-6ddfabfde3c2	POST	/api/v1/users/register	undefined
20221211	19:00:01	6c88935f-19d1-4a87-a64c-b706ccd54cef	POST	/api/v1/users/register	undefined
20221211	19:00:04	644ae025-6772-4ab9-bbd2-93adece18c3c	POST	/api/v1/users/register	undefined
20221211	19:00:41	983fda96-8a40-455b-8171-f2eac5bb2b9f	POST	/api/v1/users/register	undefined
20221211	19:00:45	086c6288-1b23-45e7-9e4b-0eb1330badbd	POST	/api/v1/users/register	undefined
20221211	19:01:49	7b262902-627b-4845-b71c-db8d7012268e	POST	/api/v1/users/register	undefined
20221211	19:01:53	bc8aa38f-8740-48ca-981c-66845086a857	POST	/api/v1/users/register	undefined
20221211	19:01:58	8a317ceb-01ac-4fc2-9c51-9cd81ee16e67	POST	/api/v1/users/register	undefined
20221211	19:01:59	1a42acb6-e30d-4a67-8874-c1d83b03eadd	POST	/api/v1/users/register	undefined
20221211	19:02:04	91dc384b-38e0-4dce-aaa6-388533012c0b	POST	/api/v1/users/register	undefined
20221211	19:10:42	892c39a9-dee2-4e27-ab8b-743eaad331f9	POST	/api/v1/users/register	undefined
20221211	19:10:49	26890a8e-2552-4a39-ae9d-887a3dd202db	POST	/api/v1/users/register	undefined
20221211	19:10:53	581466bb-3e07-4a99-aeb9-2cd63648b665	POST	/api/v1/users/register	undefined
20221211	19:10:59	71a01abe-e28b-4206-8054-00f83f5cc088	POST	/api/v1/users/register	undefined
20221211	19:12:52	71fa12d3-1187-4cfe-b111-d3bd43855769	POST	/api/v1/users/register	undefined
20221211	19:12:57	82ebad52-6d1b-46f5-8756-c0c8696ee897	POST	/api/v1/users/register	undefined
20221211	19:13:38	866a27c2-8774-4e7a-84bd-dd1816371d70	POST	/api/v1/users/register	undefined
20221211	19:13:43	47f0ed8a-6c7f-4ac3-96e4-fa339d53e31c	POST	/api/v1/users/register	undefined
20221211	19:13:46	f664751d-4569-4e38-9577-ca7dbd4ae238	POST	/api/v1/users/register	undefined
20221211	19:14:05	16a0bc6e-6ac4-4461-8638-e09827c1b5b6	POST	/api/v1/users/register	undefined
20221211	19:14:24	6054ea8f-cfb1-4b6a-857e-6f4379bfeae0	POST	/api/v1/users/register	undefined
20221211	19:25:32	02281153-4095-4323-beac-7e0f8f88b638	POST	/api/v1/users/login	undefined
20221211	19:26:12	5f2fa48c-8e0e-4f14-88ef-079997cf8229	POST	/api/v1/users/login	undefined
20221211	19:26:14	83257362-fd96-4a47-817e-e2743f4353ef	POST	/api/v1/users/login	undefined
20221211	19:27:08	f15630eb-8910-4755-9e0c-1a3563c223b6	POST	/api/v1/users/login	undefined
20221211	19:27:32	1b1772f4-72f9-481f-b526-8b5b36c590f6	POST	/api/v1/users/register	undefined
20221211	19:27:38	f4708654-2796-47c1-b9cf-699598257399	POST	/api/v1/users/register	undefined
20221211	19:27:59	ebabd250-6f34-4d3c-99e2-7ec5ffe3d7f7	POST	/api/v1/users/login	undefined
20221211	19:28:49	76364c72-ec8c-4c27-9d1c-74cd2d39a3be	POST	/api/v1/users/login	undefined
20221211	19:29:04	216c7caf-490d-4030-b9b5-1873f2f3c41b	POST	/api/v1/users/login	undefined
20221211	19:29:29	edb9cd27-c9f6-4901-9c79-5879b54e366c	POST	/api/v1/users/login	undefined
20221211	19:29:31	fdc53ed5-9f6b-48f8-b19a-46300c9677cf	POST	/api/v1/users/login	undefined
20221211	19:29:50	810d1e2a-c40f-4e89-be96-bd9ed4a0db90	POST	/api/v1/users/login	undefined
20221214	05:59:23	f0180b20-1a6e-44c4-945e-4ebdff750050	POST	/api/v1/users/register	undefined
20221214	05:59:29	1f5448d8-7448-4535-b76e-06843ba839d9	POST	/api/v1/users/register	undefined
20221214	05:59:59	5939397c-a433-4bba-9c05-9d9118e949a3	POST	/api/v1/users/validation	undefined
20221214	06:00:03	0d713113-6c3f-49c0-bd20-6f9ce0890f0c	GET	/api/v1/users/validation	undefined
20221214	06:00:09	18fbe3c8-4b97-400a-8b7a-f9fc08c26dba	GET	/api/v1/users/validation	undefined
20221214	06:00:11	c38dfddc-9fd0-4bbe-9446-94c1f29ec4ac	GET	/api/v1/users/validation	undefined
20221214	06:00:12	5101adda-d0e4-4efd-a2c9-ee75a133dc67	GET	/api/v1/users/validation	undefined
20221214	06:00:13	327f52cd-2e0f-44fc-9569-5bb6039889e7	GET	/api/v1/users/validation	undefined
20221215	14:39:08	2a3a6dd7-a801-4e04-9a94-a89d9df4c0dc	GET	/	undefined
20221215	14:39:09	723c9e0a-c926-46a4-b298-04055f7091cc	GET	/favicon.ico	undefined
20221215	14:40:51	86b5ed27-37ef-43cb-81cf-c21d288a246c	GET	/	undefined
20221215	14:40:51	b1990455-a124-45bc-97bf-1ac6c719480f	GET	/favicon.ico	undefined
20221215	14:41:33	bbd2b477-7ba5-410e-aabf-b32edf00aff1	GET	/	undefined
20221215	14:41:33	65cfaf19-4cdb-4e2c-85b4-31461c84266b	GET	/favicon.ico	undefined
20221215	14:41:48	62404818-08ff-4538-92eb-c23c80069ace	GET	/	undefined
20221215	14:41:48	5e7b16af-2c75-4823-a523-988e6e85a490	GET	/favicon.ico	undefined
20221215	14:42:05	1b6f39ee-94d2-4696-b81d-8f4d407a6027	GET	/	undefined
20221215	14:42:05	c95d45ee-bbd6-4ac2-901c-35754e6bed81	GET	/favicon.ico	undefined
20221215	14:42:59	f7e8b947-45c1-48bb-a553-f752db132bbf	GET	/	undefined
20221215	14:42:59	281b061b-2445-4570-9d1c-d4ef5eba98ed	GET	/favicon.ico	undefined
20221215	14:43:00	c7a5f85b-e317-4528-af84-d4e3ed6a3d84	GET	/	undefined
20221215	14:43:00	0c4b5055-070b-4d45-a74d-1bef3a7cec69	GET	/favicon.ico	undefined
20221215	14:43:11	0f9dc618-5900-48c3-9aa6-b00392ed85e8	GET	/	undefined
20221215	14:43:11	4a1f02cd-ff34-4f68-80e5-923f3145523f	GET	/favicon.ico	undefined
20221215	14:43:27	ff6505a8-5794-435f-8588-d828dfe2e3e4	GET	/	undefined
20221215	14:43:27	681ccf7e-2274-4d82-97d3-e267002047f8	GET	/favicon.ico	undefined
20221215	14:43:27	59193620-e3b5-4618-bad2-f4451f7e0b85	GET	/	undefined
20221215	14:43:27	5f09bf33-9ca4-4299-8a0e-52ba74b5eb97	GET	/favicon.ico	undefined
20221215	14:43:28	46496d6f-80d3-4766-b39f-935120c09e0d	GET	/	undefined
20221215	14:43:28	74296fb2-e924-4f84-b893-25c49e881ccd	GET	/favicon.ico	undefined
20221215	14:43:28	a0d4d66f-1ad1-4981-8981-53d01710ac03	GET	/	undefined
20221215	14:43:28	5fc1a614-7b8f-4fef-a45c-2720ff6f4c4e	GET	/favicon.ico	undefined
20221215	14:43:39	e14b0c27-7536-433f-a704-70a034d83427	GET	/	undefined
20221215	14:43:39	d9820cc9-0d8f-4188-854a-ced92f14b4c8	GET	/favicon.ico	undefined
20221215	14:44:07	fbcd62c6-cda5-490c-b382-6b9ee22268e9	GET	/	undefined
20221215	14:44:07	2d753d91-f5f8-4bf4-99f9-6e15366fb393	GET	/favicon.ico	undefined
20221215	15:06:50	6505478b-76f8-4d10-90f6-b0e04d651a17	GET	/index.html	undefined
20221215	15:06:50	a5ead2cd-b5d9-42ae-a3c0-2cf6da886209	GET	/css/error.css	undefined
20221215	15:06:51	db5e3b6e-1b99-42c2-8907-745d55639882	GET	/favicon.ico	undefined
20221215	15:07:13	ce32b74b-0212-4b50-a702-af7a4ff2e846	GET	/index.html?	undefined
20221215	15:07:13	bbf73342-a86e-4a6f-bd46-74d606fff11e	GET	/css/error.css	undefined
20221215	15:07:13	d36b79a3-28ac-412b-a20f-07d294303694	GET	/favicon.ico	undefined
20221215	16:40:30	a108194a-4276-4fcc-955e-ee7465f0ffab	GET	/index.html?	undefined
20221215	16:40:30	50b3d4a0-6942-4d67-997c-2f1aa9ab38f5	GET	/css/error.css	undefined
20221215	16:40:30	0b4c34f1-4c6f-4c86-8913-e6eda13aa947	GET	/favicon.ico	undefined
20221220	18:36:55	5e04fa23-7271-4949-8d59-ccbcf07e5c99	GET	/	undefined
20221220	18:36:55	5c2d2232-4054-4ffe-abbe-089da71f53cb	GET	/favicon.ico	undefined
20221220	18:37:08	a19b66d9-0c49-4037-891b-6ab89d725b64	GET	/	undefined
20221220	18:45:42	62ee339d-e7b6-4884-9564-461bb752e0a4	POST	/api/v1/users/register	undefined
20221220	18:46:22	596403d8-25fc-4a28-b713-11932656da6d	POST	/api/v1/users/register	undefined
20221220	18:47:18	bbb534d3-167c-4d22-9b60-2cd35cc3df69	POST	/api/v1/users/register	undefined
20230114	03:20:01	c112604e-1599-43aa-bb51-79b601d4ea73	GET	/	undefined
20230114	03:20:01	6a7a2bb8-e620-4c51-924f-0471c850174d	GET	/favicon.ico	undefined
20230114	03:20:29	0435e2b0-9576-460c-8c1f-964d65d70032	GET	/api/v1/conversations/all-conversations	undefined
20230114	03:22:40	8c98d495-ac94-4cc7-a972-8a25422442ad	GET	/api/v1/conversations/all-conversations	http://localhost:3000
20230114	03:22:40	7ebb07ec-1a48-46fb-97eb-25be6da6953c	GET	/api/v1/conversations/all-conversations	http://localhost:3000
20230114	03:24:43	cd172030-e163-4c3f-912d-0f995e2611b3	GET	/api/v1/conversations/all-conversations	http://localhost:3000
20230114	03:24:57	7afeb299-af18-4f9e-ac27-bbddb7c46e3d	GET	/api/v1/conversations/all-conversations	http://localhost:3000
20230114	03:24:58	0fad5da4-7e6c-445e-8d30-d14ebfcd256a	GET	/api/v1/conversations/all-conversations	http://localhost:3000
20230114	03:25:15	b1d0381b-7762-4735-bb49-7d5a756d552d	GET	/api/v1/conversations/all-conversations	http://localhost:3000
20230114	03:25:15	8ffe1024-387e-4944-8a41-9666a2feb680	GET	/api/v1/conversations/all-conversations	http://localhost:3000
20230114	03:25:30	e781d6eb-c962-47a2-861b-7b5e034bf9c0	GET	/api/v1/conversations/all-conversations	http://localhost:3000
20230114	03:25:52	5282c2a6-fb4d-4ee3-a00d-bd8c52354b39	GET	/api/v1/conversations/all-conversations	http://localhost:3000
20230114	03:26:53	b2bbe332-20f9-4888-8d13-26315b48f0b7	GET	/api/v1/conversations/all-conversations	http://localhost:3000
20230114	03:26:53	4c525986-9ef9-4c31-945e-66464c63c40a	GET	/api/v1/conversations/all-conversations	http://localhost:3000
20230114	03:30:34	d6ab80b3-e456-40ca-86a1-36d49dc68b38	GET	/api/v1/conversations/all-conversations	http://localhost:3000
20230114	03:30:42	9f384b27-250c-4663-a97d-2f61c016a54e	GET	/api/v1/conversations/all-conversations	http://localhost:3000
20230114	03:30:42	c1415a16-2511-49da-8e81-d452522478be	GET	/api/v1/conversations/all-conversations	http://localhost:3000
20230114	03:38:55	2aec8ec3-0309-4595-ba5c-7935bd797aca	GET	/api/v1/conversations/all-conversations	http://localhost:3000
20230114	03:45:54	8d778ae9-d1d1-4572-bbf9-7600fe49ee2e	GET	/api/v1/conversations/all-conversations	http://localhost:3000
20230114	03:46:09	68e3f6dc-0ff3-4898-ba9a-847ee85930a1	GET	/api/v1/messages/conversation-messages/63c1bef20eeeb5ef92534324	http://localhost:3000
20230114	03:46:12	7bd68247-90a4-4edb-8230-ab3e4f97a6ea	GET	/api/v1/messages/conversation-messages/63c1bef20eeeb5ef92534325	http://localhost:3000
20230114	03:50:19	c15d4874-e12c-4b3e-a1c1-87b723da1319	GET	/api/v1/messages/conversation-messages/63c1bef20eeeb5ef92534325	http://localhost:3000
20230114	03:51:53	fb8eb786-577d-491d-9d32-e0089b6fd354	GET	/api/v1/messages/conversation-messages/63c1bef20eeeb5ef92534324	http://localhost:3000
20230114	03:52:16	bdf387ff-ad90-4feb-bc7c-9ec68d555955	GET	/api/v1/messages/conversation-messages/63c1bef20eeeb5ef92534325	http://localhost:3000
20230114	03:52:30	9993fe94-4fed-46c6-8b83-cb924669c6e9	GET	/api/v1/messages/conversation-messages/63c1bef20eeeb5ef92534324	http://localhost:3000
20230114	03:53:20	ee550de7-538a-474c-a247-55ee5749a39a	GET	/api/v1/conversations/all-conversations	http://localhost:3000
20230114	03:53:38	e9359c0d-4754-439f-bec5-aca360c56c18	GET	/api/v1/messages/all-messages/63c1bef20eeeb5ef92534325	http://localhost:3000
20230114	03:53:58	02e35352-5d68-4399-8182-e59b13e311b3	GET	/api/v1/messages/all-messages/63c1bef20eeeb5ef92534326	http://localhost:3000
20230114	03:56:29	0989f932-9596-4f12-a0f7-3fd13d92dce2	GET	/api/v1/conversations/all-conversations	http://localhost:3000
20230114	03:56:29	ef851674-1d8e-4f84-80b5-76572113a48a	GET	/api/v1/conversations/all-conversations	http://localhost:3000
20230114	03:56:31	2c223b05-8a01-4cf1-926d-288f46af1197	GET	/api/v1/messages/all-messages/63c1bef20eeeb5ef92534324	http://localhost:3000
20230114	03:56:34	019d57b8-0c74-48aa-a88e-b113509e878f	GET	/api/v1/messages/all-messages/63c1bef20eeeb5ef92534324	http://localhost:3000
20230114	03:56:35	23757ccf-1f34-479b-8f39-9190745d333d	GET	/api/v1/messages/all-messages/63c1bef20eeeb5ef92534325	http://localhost:3000
20230114	03:56:45	7eca7c26-ae5d-44bc-9b6e-1cc2129293f8	GET	/api/v1/conversations/all-conversations	http://localhost:3000
20230114	03:56:50	3038a3cf-569f-4d6d-b14d-b7963ce02220	GET	/api/v1/conversations/all-conversations	http://localhost:3000
20230114	03:56:50	04350e9a-9e7f-4e09-9ccd-0a786d95832c	GET	/api/v1/conversations/all-conversations	http://localhost:3000
20230114	03:56:56	51f1307e-5814-4ae4-98ec-ff4748a2115d	GET	/api/v1/messages/all-messages/63c1bef20eeeb5ef92534324	http://localhost:3000
20230114	03:58:26	4c854ae8-00da-4a86-b537-ae12d22ce965	GET	/api/v1/conversations/all-conversations	http://localhost:3000
20230114	04:02:58	5aa86589-befb-4584-8b9d-07273c81c75e	GET	/api/v1/conversations/all-conversations	http://localhost:3000
20230114	04:02:58	c7b0a9ce-ccf6-4e07-893c-9526fe3994a2	GET	/api/v1/conversations/all-conversations	http://localhost:3000
20230114	04:03:00	f195c211-71c9-40c7-9f16-c1c950e6f34d	GET	/api/v1/messages/all-messages/63c1bef20eeeb5ef92534324	http://localhost:3000
20230114	04:03:01	c57b311f-3b2c-4440-8ba4-71c3a55c72bc	GET	/api/v1/messages/all-messages/63c1bef20eeeb5ef92534325	http://localhost:3000
20230114	04:03:02	a854275f-844f-4f9e-b5e4-5edd4747b77b	GET	/api/v1/messages/all-messages/63c1bef20eeeb5ef92534326	http://localhost:3000
20230114	04:03:02	0cdc6246-6c9a-452f-8e89-329d3eedc489	GET	/api/v1/messages/all-messages/63c1bef20eeeb5ef92534324	http://localhost:3000
20230114	04:03:06	ceb88902-11c6-4365-89d3-eb7260700756	GET	/api/v1/conversations/all-conversations	http://localhost:3000
20230114	04:03:06	d3b46579-fc77-4c0b-a2f9-a0c090207773	GET	/api/v1/conversations/all-conversations	http://localhost:3000
20230114	04:03:06	86de54c9-e328-4f74-bbb9-a5fcc6f20490	GET	/api/v1/messages/all-messages/63c1bef20eeeb5ef92534324	http://localhost:3000
20230114	04:06:53	f797dd6e-4bb4-41fa-bb92-17511be32cd4	GET	/api/v1/conversations/all-conversations	http://localhost:3000
20230114	04:06:53	dcd55fcb-410b-43fb-845c-852ff3597e97	GET	/api/v1/conversations/all-conversations	http://localhost:3000
20230114	04:06:56	979ff85f-4b4d-4153-80e2-b55d79b0ffc6	GET	/api/v1/messages/all-messages/63c1bef20eeeb5ef92534324	http://localhost:3000
20230114	04:17:20	9a8885a7-208b-4778-a361-78dfa5c42851	GET	/api/v1/messages/all-messages/63c1bef20eeeb5ef92534325	http://localhost:3000
20230114	04:17:23	3e973404-794c-4f44-ac8c-692f0461d87f	GET	/api/v1/messages/all-messages/63c1bef20eeeb5ef92534326	http://localhost:3000
20230114	04:17:24	8b23ed9b-7847-45f7-a5d9-99e7e5378781	GET	/api/v1/messages/all-messages/63c1bef20eeeb5ef92534325	http://localhost:3000
20230114	04:17:24	c7fb101b-f8a5-4b31-8943-32c27a914a68	GET	/api/v1/messages/all-messages/63c1bef20eeeb5ef92534326	http://localhost:3000
20230114	04:17:25	d565435b-4d81-42d5-97f5-b5fdcc807f07	GET	/api/v1/messages/all-messages/63c1bef20eeeb5ef92534324	http://localhost:3000
20230114	04:17:26	99e9e747-2f1d-44e1-981f-d70ec26d3df9	GET	/api/v1/messages/all-messages/63c1bef20eeeb5ef92534325	http://localhost:3000
20230114	04:17:27	6869a47a-c2cf-439e-a9fa-15fed12953e6	GET	/api/v1/messages/all-messages/63c1bef20eeeb5ef92534326	http://localhost:3000
20230114	04:17:28	736bff11-c8bb-4eb7-8ffd-afc5d893934a	GET	/api/v1/messages/all-messages/63c1bef20eeeb5ef92534324	http://localhost:3000
20230114	04:17:53	3fb2c9c9-a82d-42e0-91a6-f8a6204c8a50	GET	/api/v1/messages/all-messages/63c1bef20eeeb5ef92534325	http://localhost:3000
20230114	04:17:58	620c247c-0130-434f-a3f1-e8f31f38cec6	GET	/api/v1/messages/all-messages/63c1bef20eeeb5ef92534326	http://localhost:3000
20230114	04:17:58	af47bd42-e575-4523-8333-3c2899608d04	GET	/api/v1/messages/all-messages/63c1bef20eeeb5ef92534325	http://localhost:3000
20230114	04:18:06	9828e07d-b394-4c82-86fe-e9e0ea7b9d48	GET	/api/v1/messages/all-messages/63c1bef20eeeb5ef92534324	http://localhost:3000
20230114	04:18:07	84d8abab-c014-4f5a-9758-90745aab30aa	GET	/api/v1/messages/all-messages/63c1bef20eeeb5ef92534325	http://localhost:3000
20230114	04:18:48	71252bf8-1f68-459d-83e5-c6b8f3e3bd7f	GET	/api/v1/messages/all-messages/63c1bef20eeeb5ef92534326	http://localhost:3000
20230114	04:19:29	458d1146-2b6c-440f-9fb7-791a50f16619	GET	/api/v1/messages/all-messages/63c1bef20eeeb5ef92534325	http://localhost:3000
20230114	04:19:31	9a614ebf-fb4d-4e17-ba56-7b623459907a	GET	/api/v1/messages/all-messages/63c1bef20eeeb5ef92534326	http://localhost:3000
20230114	04:19:33	d8887f7d-552d-4bed-a575-38f017d550d5	GET	/api/v1/messages/all-messages/63c1bef20eeeb5ef92534324	http://localhost:3000
20230114	04:19:53	ab83a30f-8c9c-4ded-b490-ec27fc6308a5	GET	/api/v1/messages/all-messages/63c1bef20eeeb5ef92534325	http://localhost:3000
20230114	04:19:54	bc62ecad-eb40-4321-bc50-dcd12c0a011e	GET	/api/v1/messages/all-messages/63c1bef20eeeb5ef92534326	http://localhost:3000
20230114	04:19:55	03500279-30b5-4f18-83a6-396b11ee0c8b	GET	/api/v1/messages/all-messages/63c1bef20eeeb5ef92534324	http://localhost:3000
20230114	04:20:41	00076f0c-e209-4b57-ac3b-05958893b75a	GET	/api/v1/messages/all-messages/63c1bef20eeeb5ef92534325	http://localhost:3000
20230114	04:21:18	3775b5f7-6023-4069-ad67-253b2188ac3c	GET	/api/v1/messages/all-messages/63c1bef20eeeb5ef92534326	http://localhost:3000
20230114	04:22:37	c5e07c61-167a-465b-8df6-2da3a6367569	GET	/api/v1/messages/all-messages/63c1bef20eeeb5ef92534325	http://localhost:3000
20230114	04:22:46	f08543f8-c6ba-4792-82aa-28b46adcc190	GET	/api/v1/messages/all-messages/63c1bef20eeeb5ef92534326	http://localhost:3000
20230114	04:25:06	3f3ad337-3880-4540-a809-ba2d11ad6e38	GET	/api/v1/conversations/all-conversations	http://localhost:3000
20230114	04:25:06	d52c4091-cd45-4ac8-bc0a-c65602d88bfa	GET	/api/v1/conversations/all-conversations	http://localhost:3000
20230114	04:25:11	93f4c364-93e1-4c14-9991-af952b4a3e61	GET	/api/v1/messages/all-messages/63c1bef20eeeb5ef92534326	http://localhost:3000
20230114	04:25:22	455d734a-b5bd-432b-a2e0-947f06317e61	GET	/api/v1/messages/all-messages/63c1bef20eeeb5ef92534325	http://localhost:3000
20230114	04:26:21	b13c5ecb-7554-45b4-9bef-69b6b375d243	GET	/api/v1/messages/all-messages/63c1bef20eeeb5ef92534325	http://localhost:3000
20230114	04:27:13	5236f0c9-71c2-40e5-8247-9d5c82756b9d	GET	/api/v1/messages/all-messages/63c1bef20eeeb5ef92534325	http://localhost:3000
20230114	04:27:42	6d1c8e25-10ac-494b-8072-cb10e96ee6bb	GET	/api/v1/messages/all-messages/63c1bef20eeeb5ef92534324	http://localhost:3000
20230114	04:27:43	828f2e10-1865-4b5a-a4bb-1b750e557f67	GET	/api/v1/messages/all-messages/63c1bef20eeeb5ef92534325	http://localhost:3000
20230114	04:27:44	c6e55c65-a9db-43d9-b61c-0fb9790dfb0e	GET	/api/v1/messages/all-messages/63c1bef20eeeb5ef92534324	http://localhost:3000
20230114	04:27:44	3fc56741-594a-45a8-b2ea-c0dad910cab8	GET	/api/v1/messages/all-messages/63c1bef20eeeb5ef92534325	http://localhost:3000
20230114	04:27:45	41ed3c87-05bd-4bbc-b96b-cd136fc8f986	GET	/api/v1/messages/all-messages/63c1bef20eeeb5ef92534324	http://localhost:3000
20230114	04:27:45	ee26b536-3465-4652-bfa4-52754465d114	GET	/api/v1/messages/all-messages/63c1bef20eeeb5ef92534325	http://localhost:3000
20230114	04:27:47	765c9509-5f33-43e4-bc8f-6e8025edf299	GET	/api/v1/messages/all-messages/63c1bef20eeeb5ef92534326	http://localhost:3000
20230114	04:27:47	ecd9b88c-4752-448d-8b27-ee951335687a	GET	/api/v1/messages/all-messages/63c1bef20eeeb5ef92534324	http://localhost:3000
20230114	04:27:56	f4ce4ae3-6406-4f93-bcf6-8d9ad8961d7b	GET	/api/v1/messages/all-messages/63c1bef20eeeb5ef92534325	http://localhost:3000
20230114	04:28:36	bc494c1a-4b85-4b86-aa7a-6b5cfd3261a9	GET	/api/v1/messages/all-messages/63c1bef20eeeb5ef92534325	http://localhost:3000
20230114	04:29:31	f37e6269-05d1-49d1-87b4-7f3abafad6b7	GET	/api/v1/messages/all-messages/63c1bef20eeeb5ef92534325	http://localhost:3000
20230114	04:30:07	9d278577-0210-413e-a9b2-bf3f25271866	GET	/api/v1/messages/all-messages/63c1bef20eeeb5ef92534325	http://localhost:3000
20230114	04:30:12	176aad49-2b90-4301-ab35-a0dd91f32d26	GET	/api/v1/messages/all-messages/63c1bef20eeeb5ef92534326	http://localhost:3000
20230114	04:30:13	c5547a59-b7a0-4f4b-9a59-900dcea496bb	GET	/api/v1/messages/all-messages/63c1bef20eeeb5ef92534325	http://localhost:3000
20230114	04:30:21	40297cef-bbf6-47ba-8c83-92cbc5acbfbf	GET	/api/v1/messages/all-messages/63c1bef20eeeb5ef92534325	http://localhost:3000
20230114	04:32:02	383f8cb0-b667-4d99-9096-c1811f703c28	GET	/api/v1/messages/all-messages/63c1bef20eeeb5ef92534325	http://localhost:3000
20230114	04:32:21	5a14a012-fb4a-4939-9552-7441c7db04bb	GET	/api/v1/messages/all-messages/63c1bef20eeeb5ef92534325	http://localhost:3000
20230114	04:37:51	a3d525d2-452f-474d-97ca-347ed7b4daa4	GET	/api/v1/messages/all-messages/63c1bef20eeeb5ef92534325	http://localhost:3000
20230114	04:37:58	ce4c83eb-9aa3-4d63-81c8-429e2c3f6916	GET	/api/v1/conversations/all-conversations	http://localhost:3000
20230114	04:37:58	eb329f44-f49e-4819-9551-d35c3a9cbec7	GET	/api/v1/conversations/all-conversations	http://localhost:3000
20230114	04:38:06	3f0ba05d-64a5-4ed1-aedd-745f7e9cf73d	GET	/api/v1/messages/all-messages/63c1bef20eeeb5ef92534325	http://localhost:3000
20230114	04:39:07	aac42776-5f78-498f-a08a-2ac954d94804	GET	/api/v1/messages/all-messages/63c1bef20eeeb5ef92534325	http://localhost:3000
20230114	04:39:23	b57cb200-485e-48a2-b207-1b7467249065	GET	/api/v1/messages/all-messages/63c1bef20eeeb5ef92534325	http://localhost:3000
20230114	04:39:29	ce8ad4c2-3b32-46ba-b4f7-bb82e8b92522	GET	/api/v1/messages/all-messages/63c1bef20eeeb5ef92534326	http://localhost:3000
20230114	04:39:29	fa235a97-33ab-47fd-ac8d-d4611c142de4	GET	/api/v1/messages/all-messages/63c1bef20eeeb5ef92534325	http://localhost:3000
20230114	04:39:31	f72eedb9-6f76-4485-afff-41f6aea1af73	GET	/api/v1/messages/all-messages/63c1bef20eeeb5ef92534324	http://localhost:3000
20230114	04:39:31	055d0199-4f7a-4d8d-8dbd-eee418d998ad	GET	/api/v1/messages/all-messages/63c1bef20eeeb5ef92534325	http://localhost:3000
20230114	04:39:32	a495c508-f351-4252-a4de-9e62cc8a80dc	GET	/api/v1/messages/all-messages/63c1bef20eeeb5ef92534326	http://localhost:3000
20230114	04:39:33	93d5effc-de9c-4b8d-8beb-6314d349b4b1	GET	/api/v1/messages/all-messages/63c1bef20eeeb5ef92534325	http://localhost:3000
20230114	04:40:08	9cfe2e1a-ac66-4db1-a6a3-1678204ff0af	GET	/api/v1/conversations/all-conversations	http://localhost:3000
20230114	04:40:08	9817f3c8-7f0e-4eb4-a621-947ca394ca29	GET	/api/v1/conversations/all-conversations	http://localhost:3000
20230114	04:42:14	7b5fa880-95d0-43fc-9c3c-7e7c94ed54d6	GET	/api/v1/conversations/all-conversations	http://localhost:3000
20230114	04:42:14	d7c94bc5-e595-4583-b101-387003514dc2	GET	/api/v1/conversations/all-conversations	http://localhost:3000
20230114	04:42:16	baed20bb-5ab6-4999-9fc8-33d7fac47b2d	GET	/api/v1/messages/all-messages/63c1bef20eeeb5ef92534325	http://localhost:3000
20230114	04:42:58	60a592e8-1b0d-4711-ba97-a8fc283e93e5	GET	/api/v1/conversations/all-conversations	http://localhost:3000
20230114	04:42:58	4e480f6d-ccfc-48e2-82cf-7acdab5ec61b	GET	/api/v1/conversations/all-conversations	http://localhost:3000
20230114	04:43:22	44f04db0-badf-4e04-9134-b862f5708dfa	GET	/api/v1/conversations/all-conversations	http://localhost:3000
20230114	04:43:22	60bd62c5-663f-43c3-9a0f-fe12881e1e63	GET	/api/v1/conversations/all-conversations	http://localhost:3000
20230114	04:44:10	24d1ccef-e0f4-4046-839c-e435bd2d1cab	GET	/api/v1/conversations/all-conversations	http://localhost:3000
20230114	04:44:19	8559805d-30af-45ff-a080-36b1be2ece2e	GET	/api/v1/conversations/all-conversations	http://localhost:3000
20230114	04:44:22	cfd497c2-29ce-415e-b8f7-2cca07e9ea0e	GET	/api/v1/conversations/all-conversations	http://localhost:3000
20230114	04:44:27	20505367-2dd7-4b60-9540-363a1c30c9fe	GET	/api/v1/conversations/all-conversations	http://localhost:3000
20230114	04:45:30	b5b91bfb-cb1f-42d2-8957-c9eb37065f97	GET	/api/v1/conversations/all-conversations	http://localhost:3000
20230114	04:46:31	58abab7d-9f89-4861-8178-2a2ffd0186a3	GET	/api/v1/conversations/all-conversations	http://localhost:3000
20230114	04:47:02	144c2e01-d222-41aa-9cd3-41e7e1f749dc	GET	/api/v1/conversations/all-conversations	http://localhost:3000
20230114	04:48:08	4fe49434-2262-4c9e-8019-04d1be2a52dd	GET	/api/v1/messages/all-messages/63c1bef20eeeb5ef92534324	http://localhost:3000
20230114	04:50:28	0a251c92-9e2f-4a91-b514-f4ee1b9d2ff8	GET	/api/v1/conversations/all-conversations	http://localhost:3000
20230114	04:50:31	c410fbf5-e190-45e6-b5c9-dba5daf8344f	GET	/api/v1/conversations/all-conversations	http://localhost:3000
20230114	04:50:31	0138b5e7-1da8-4b8a-a417-5c5ae930050a	GET	/api/v1/conversations/all-conversations	http://localhost:3000
20230114	04:51:04	c1265e5b-91ef-4ad4-8fe6-2f87d8c84b44	GET	/api/v1/conversations/all-conversations	http://localhost:3000
20230114	04:51:32	d3748d31-de96-4d63-ab80-346b671793af	GET	/api/v1/conversations/all-conversations	http://localhost:3000
20230114	04:51:41	8f952bb3-02db-42cf-a853-11effbf26d4a	GET	/api/v1/conversations/all-conversations	http://localhost:3000
20230114	04:52:01	6b16ffcc-7fa2-4413-bbc0-70af70b8edb5	GET	/api/v1/conversations/all-conversations	http://localhost:3000
20230114	04:52:07	90671c25-66c0-46be-992a-52214f791e3f	GET	/api/v1/messages/all-messages/63c1bef20eeeb5ef92534324	http://localhost:3000
20230114	04:52:09	915ca57a-ca8a-4891-8ed5-5a96b8433b8c	GET	/api/v1/messages/all-messages/63c1bef20eeeb5ef92534325	http://localhost:3000
20230114	04:52:10	e3e18424-56ca-479e-8d3d-4573cede6097	GET	/api/v1/messages/all-messages/63c1bef20eeeb5ef92534326	http://localhost:3000
20230114	04:52:11	8be3083f-bd7b-4992-ada4-84a36df39778	GET	/api/v1/messages/all-messages/63c1bef20eeeb5ef92534325	http://localhost:3000
20230114	04:52:13	3d612c0f-40f3-4bd6-ae72-f91a24d35ec6	GET	/api/v1/messages/all-messages/63c1bef20eeeb5ef92534325	http://localhost:3000
20230114	04:52:13	c7763c03-e0b2-445f-a20b-13c261567cf8	GET	/api/v1/messages/all-messages/63c1bef20eeeb5ef92534324	http://localhost:3000
20230114	04:52:30	b6cd4404-a066-4504-958b-d82fc37e685b	GET	/api/v1/conversations/all-conversations	http://localhost:3000
20230114	04:52:37	a48717fd-2c38-491a-8353-93fb3ad6f1e7	GET	/api/v1/conversations/all-conversations	http://localhost:3000
20230114	04:52:57	807627c1-5c39-47ea-bb3b-16bef32e62e2	GET	/api/v1/messages/all-messages/63c1bef20eeeb5ef92534325	http://localhost:3000
20230114	04:52:58	0890497a-cbad-4451-9dc0-c462cbf2ad44	GET	/api/v1/messages/all-messages/63c1bef20eeeb5ef92534326	http://localhost:3000
20230114	04:52:59	8057600c-e364-400c-8b71-3d277e8de744	GET	/api/v1/messages/all-messages/63c1bef20eeeb5ef92534324	http://localhost:3000
20230114	04:53:00	aff2f1d5-d948-4746-bea4-27534c749ff3	GET	/api/v1/messages/all-messages/63c1bef20eeeb5ef92534325	http://localhost:3000
20230114	04:53:02	c316ab2b-6cfd-4fbc-91e8-843772db654a	GET	/api/v1/messages/all-messages/63c1bef20eeeb5ef92534326	http://localhost:3000
20230114	04:53:03	191e03f9-6cc6-42f9-a295-e65129c6f210	GET	/api/v1/messages/all-messages/63c1bef20eeeb5ef92534324	http://localhost:3000
20230114	04:53:33	a2f4b7d5-3d13-4f78-be1f-a30f2e546682	GET	/api/v1/conversations/all-conversations	http://localhost:3000
20230114	04:53:33	05273ffa-396e-4564-b5e6-16e81fd2ec2b	GET	/api/v1/conversations/all-conversations	http://localhost:3000
20230114	04:53:37	26a66e31-a99d-48c8-aefd-88f620a34bc8	GET	/api/v1/conversations/all-conversations	http://localhost:3000
20230114	04:53:37	05a31aac-679d-4b9b-b6c0-cc0147a94ddc	GET	/api/v1/conversations/all-conversations	http://localhost:3000
20230114	04:53:39	8f7f1a41-f38f-4306-9f45-3c33b722daef	GET	/api/v1/messages/all-messages/63c1bef20eeeb5ef92534324	http://localhost:3000
20230114	04:53:43	ee692d17-96ae-48a3-8f7d-c6dff55df7f5	GET	/api/v1/messages/all-messages/63c1bef20eeeb5ef92534325	http://localhost:3000
20230114	04:53:48	75f100b6-7dd7-4704-ad8c-34c2aa516044	GET	/api/v1/messages/all-messages/63c1bef20eeeb5ef92534324	http://localhost:3000
20230114	04:53:48	9ecec807-688a-44e1-a5c3-511d3ad3aa4c	GET	/api/v1/messages/all-messages/63c1bef20eeeb5ef92534325	http://localhost:3000
20230114	04:54:29	2c9fcd8f-3644-4eb0-a1e3-a018f08c0eaa	GET	/api/v1/conversations/all-conversations	http://localhost:3000
20230114	04:56:54	fd12c155-0c00-4e93-903a-f475321ca942	GET	/api/v1/conversations/all-conversations	http://localhost:3000
20230114	04:56:54	8ec7cec3-537c-4143-8590-2d12ebfc8cab	GET	/api/v1/conversations/all-conversations	http://localhost:3000
20230114	04:56:55	15e8625b-72e3-4815-9868-9c87774e4946	GET	/api/v1/messages/all-messages/63c1bef20eeeb5ef92534325	http://localhost:3000
20230114	04:56:56	e62a57fa-3119-4aa8-82a0-b087e18ad390	GET	/api/v1/messages/all-messages/63c1bef20eeeb5ef92534326	http://localhost:3000
20230114	04:56:57	57a4ba6e-197c-43fa-8edc-4fbba36082c9	GET	/api/v1/messages/all-messages/63c1bef20eeeb5ef92534324	http://localhost:3000
20230114	05:00:32	25ed4c39-65b2-4d5c-96b2-86af9ec27cde	GET	/api/v1/conversations/all-conversations	http://localhost:3000
20230114	05:00:32	e964bdc3-2e57-41e2-92cf-ca6a88747f64	GET	/api/v1/conversations/all-conversations	http://localhost:3000
20230114	05:05:14	63b65c98-74bf-463a-b23f-7f75f5dcad5d	GET	/api/v1/conversations/all-conversations	http://localhost:3000
20230114	05:05:14	214f883b-3de7-440c-9311-1682f63bc5ab	GET	/api/v1/conversations/all-conversations	http://localhost:3000
20230114	05:05:30	71018633-98b8-4673-b31b-abca8220173a	GET	/api/v1/conversations/all-conversations	http://localhost:3000
20230114	05:05:31	ca87b8b3-a54b-438c-b4f6-a96e6c13e9fd	GET	/api/v1/conversations/all-conversations	http://localhost:3000
20230114	05:07:50	ac16aae4-1f05-4fe4-96b2-32fb9e376599	GET	/api/v1/conversations/all-conversations	http://localhost:3000
20230114	05:07:50	30f18a02-74d1-4124-ae9e-f00205b89977	GET	/api/v1/conversations/all-conversations	http://localhost:3000
20230114	05:07:52	7ae45d78-be24-44f5-9f9c-49176e77ad65	GET	/api/v1/conversations/all-conversations	http://localhost:3000
20230114	05:07:52	231d47c0-6fd3-4017-ad84-f02f6c299ff7	GET	/api/v1/conversations/all-conversations	http://localhost:3000
20230114	05:07:53	460c61cd-b322-4ea4-a539-b9841d8147d7	GET	/api/v1/conversations/all-conversations	http://localhost:3000
20230114	05:07:53	4c38755d-1cac-4462-9f4f-728bfe3de39d	GET	/api/v1/conversations/all-conversations	http://localhost:3000
20230114	05:08:27	d3cf0f1e-727c-4558-b37f-7d01ee17ecbf	GET	/api/v1/conversations/all-conversations	http://localhost:3000
20230114	05:14:32	e12c4779-080e-4ccb-bad0-32af8a725c56	GET	/api/v1/conversations/all-conversations	http://localhost:3000
20230114	05:14:52	be91c926-47bb-48f8-b0bb-6cfbf7eb4205	GET	/api/v1/conversations/all-conversations	http://localhost:3000
20230114	05:15:55	9d3bb35b-2530-49f3-864e-cb0dfe1d9e51	GET	/api/v1/conversations/all-conversations	http://localhost:3000
20230114	05:15:56	f8fe83d5-80fd-40df-8a26-d901c1fea121	GET	/api/v1/conversations/all-conversations	http://localhost:3000
20230114	05:16:34	523fab1f-db55-4d0f-ad71-6018ec4d7239	GET	/api/v1/conversations/all-conversations/daniel	http://localhost:3000
20230114	05:16:37	69eecbbd-4a56-4a8f-a995-7126dd44008b	GET	/api/v1/conversations/all-conversations/daniel	http://localhost:3000
20230114	05:16:37	b6b54aa5-6e16-477d-b29e-4ffd6dbe191f	GET	/api/v1/conversations/all-conversations/daniel	http://localhost:3000
20230114	05:16:46	d9d814f8-b942-4f8f-bffc-2dc40f0fd206	GET	/api/v1/conversations/all-conversations/daniel	http://localhost:3000
20230114	05:16:46	49ea2c04-4f0c-4a01-a27d-2f0a6e4df5f6	GET	/api/v1/conversations/all-conversations/daniel	http://localhost:3000
20230114	05:17:47	e8420f14-4e16-46ad-9872-e6f0236cd427	GET	/api/v1/conversations/all-conversations/daniel	http://localhost:3000
20230114	05:17:47	b4a9921e-a11f-4169-96c6-02840dd59993	GET	/api/v1/conversations/all-conversations/daniel	http://localhost:3000
20230114	05:18:04	154f99ef-62c0-481c-bb80-747d3445b060	GET	/api/v1/conversations/all-conversations/daniel	http://localhost:3000
20230114	05:18:04	ffdae69b-092f-4fab-b565-c517f4c8decc	GET	/api/v1/conversations/all-conversations/daniel	http://localhost:3000
20230114	05:18:54	ef5f4df9-fe13-4953-941e-0f92114d9342	GET	/api/v1/conversations/all-conversations/daniel	http://localhost:3000
20230114	05:18:54	113b26b6-a2dc-4847-a347-bc2f9ba4a9f3	GET	/api/v1/conversations/all-conversations/daniel	http://localhost:3000
20230114	05:19:15	e60782f7-ad26-42e4-bf4c-3794fe24ed81	GET	/api/v1/conversations/all-conversations/michel	http://localhost:3000
20230114	05:19:15	fccefdbf-b89a-4ee6-86ba-d4c11f8d8e17	GET	/api/v1/conversations/all-conversations/design	http://localhost:3000
20230114	05:19:16	afdd03e5-a00d-4ecd-9dfa-10b8ca06bfd8	GET	/api/v1/conversations/all-conversations/daniel	http://localhost:3000
20230114	05:19:19	8843f6cf-57d4-4696-8124-b62d4590a132	GET	/api/v1/conversations/all-conversations/michel	http://localhost:3000
20230114	05:19:19	3e7fa20a-2a81-40a1-a666-4cd70c33bb8a	GET	/api/v1/conversations/all-conversations/michel	http://localhost:3000
20230114	05:19:21	20cb049b-1d46-4bb1-b4e5-e3b0f82eaf65	GET	/api/v1/conversations/all-conversations/test	http://localhost:3000
20230114	05:19:22	8c3289fa-da93-48cc-9dee-bfc2c9bf37b3	GET	/api/v1/conversations/all-conversations/daniel	http://localhost:3000
20230114	05:20:03	b29ecbbe-ea72-484f-8a91-5ba96e6469c4	GET	/api/v1/conversations/all-conversations/daniel	http://localhost:3000
20230114	05:20:03	350017d9-6d2e-4130-9a5f-aa6fa8c005fb	GET	/api/v1/conversations/all-conversations/daniel	http://localhost:3000
20230114	05:23:00	cfea5d88-8330-4487-af91-6c62a24dc34a	GET	/api/v1/conversations/all-conversations/daniel	http://localhost:3000
20230114	05:23:00	196420ca-296b-4308-af88-8aeda036eefb	GET	/api/v1/conversations/all-conversations/daniel	http://localhost:3000
20230114	05:24:30	bb7657fd-8289-4e56-a7d4-2ff2686b52d2	GET	/api/v1/conversations/all-conversations/daniel	http://localhost:3000
20230114	05:24:30	6d9ae123-d8e2-403d-875b-31b1d08aeaea	GET	/api/v1/conversations/all-conversations/daniel	http://localhost:3000
20230114	05:26:14	480a2600-42cb-4850-b52c-241058b3749e	GET	/api/v1/conversations/all-conversations/daniel	http://localhost:3000
20230114	05:26:14	9101756d-752f-43b5-a39f-7c1f6e52be30	GET	/api/v1/conversations/all-conversations/daniel	http://localhost:3000
20230114	05:26:46	1f5ab285-0d78-4a4a-9ca3-1c6b42d69572	GET	/api/v1/conversations/all-conversations/daniel	http://localhost:3000
20230114	05:26:46	8e824c25-c652-4fdd-9fcb-c1827cb903b8	GET	/api/v1/conversations/all-conversations/daniel	http://localhost:3000
20230114	05:28:46	4920327c-8be4-453e-81b2-06689500ec0a	GET	/api/v1/conversations/all-conversations/daniel	http://localhost:3000
20230114	05:28:46	ea5d985b-286c-427d-8aa7-92fe8ce1cbb3	GET	/api/v1/conversations/all-conversations/daniel	http://localhost:3000
20230114	05:29:07	4eb3f334-f34d-4377-881e-70a452c50bb5	GET	/api/v1/conversations/all-conversations/daniel	http://localhost:3000
20230114	05:29:07	7a8ea094-8e9b-4e31-844c-8250ff4433fa	GET	/api/v1/conversations/all-conversations/daniel	http://localhost:3000
20230114	05:29:24	03da12ef-28f4-47e0-9903-80ad1416d183	GET	/api/v1/conversations/all-conversations/daniel	http://localhost:3000
20230114	05:29:24	56d9da36-043c-4785-b2c7-64c22d24c42b	GET	/api/v1/conversations/all-conversations/daniel	http://localhost:3000
20230114	05:29:43	68d9ba57-15dc-4909-a243-3ab1bb4a443d	GET	/api/v1/conversations/all-conversations/daniel	http://localhost:3000
20230114	05:29:43	6cbf60d5-2c04-405f-9b4d-f879edb0452f	GET	/api/v1/conversations/all-conversations/daniel	http://localhost:3000
20230114	05:30:12	3ef85094-3128-4a6e-895f-eae65bf80c94	GET	/api/v1/conversations/all-conversations/design	http://localhost:3000
20230114	05:30:22	e120b5e0-7d77-4559-afb4-2079d24aef84	GET	/api/v1/conversations/all-conversations/daniel	http://localhost:3000
20230114	05:30:54	0874b30c-a8df-464f-8944-afc6132a0869	GET	/api/v1/conversations/all-conversations/design	http://localhost:3000
20230114	05:31:22	68289ead-9ce6-4930-b878-b3519d5e158d	GET	/api/v1/conversations/all-conversations/daniel	http://localhost:3000
20230114	05:31:37	d4a30745-78cc-43a9-9455-b9f0bfde149c	GET	/api/v1/conversations/all-conversations/design	http://localhost:3000
20230114	05:32:02	ee432928-28cc-41d8-81c8-ba36584f3824	GET	/api/v1/conversations/all-conversations/daniel	http://localhost:3000
20230114	05:32:18	70da7352-47ff-47f9-a41e-e330a2beaa97	GET	/api/v1/conversations/all-conversations/design	http://localhost:3000
20230114	05:32:40	68104478-3de4-47dc-b52c-ab420fa25529	GET	/api/v1/conversations/all-conversations/daniel	http://localhost:3000
20230114	05:32:56	8d65643f-9362-4323-a79b-a0cc3b9d3042	GET	/api/v1/conversations/all-conversations/design	http://localhost:3000
20230114	05:34:23	1f8bdd14-8c57-4ddf-a5cc-844fb6fea9a8	GET	/api/v1/conversations/all-conversations/daniel	http://localhost:3000
20230114	05:34:38	89dbf5cd-8da6-4194-bc10-7f3d9309bcb1	GET	/api/v1/conversations/all-conversations/design	http://localhost:3000
20230114	05:34:40	5ade1c79-c520-407f-934b-76ac57e708f0	GET	/api/v1/conversations/all-conversations/daniel	http://localhost:3000
20230114	05:35:10	8b86054b-288c-45c4-8190-d460011d999c	GET	/api/v1/conversations/all-conversations/design	http://localhost:3000
20230114	05:35:44	9bf48495-6e12-4cb4-8a16-db9882be3642	GET	/api/v1/conversations/all-conversations/daniel	http://localhost:3000
20230114	05:35:46	717a6177-fc21-43a3-9702-7355557543c4	GET	/api/v1/conversations/all-conversations/design	http://localhost:3000
20230114	05:36:25	8e1971c6-b0bc-4413-ad49-1ca111a346e1	GET	/api/v1/conversations/all-conversations/daniel	http://localhost:3000
20230114	05:36:39	f1e82cea-87ef-49f9-8da1-7955fc59d03a	GET	/api/v1/conversations/all-conversations/design	http://localhost:3000
20230114	05:36:58	15c46431-4ac3-4f5b-a0c4-f025ff34abca	GET	/api/v1/conversations/all-conversations/daniel	http://localhost:3000
20230114	05:37:20	83e7896b-2a7a-4811-a92f-3cd9e545ef94	GET	/api/v1/conversations/all-conversations/test	http://localhost:3000
20230114	05:37:50	b55bae4e-2a14-45bb-9651-246a6b8e49a3	GET	/api/v1/conversations/all-conversations/daniel	http://localhost:3000
20230114	05:37:58	f912e532-cd9f-477b-9d71-514203b927d1	GET	/api/v1/conversations/all-conversations/test	http://localhost:3000
20230114	05:38:11	037fbb35-f0da-40b5-af23-4a6c2e8f2812	GET	/api/v1/conversations/all-conversations/daniel	http://localhost:3000
20230114	05:38:34	8036beca-f3ec-4f24-bdfb-26bf64d5ce29	GET	/api/v1/conversations/all-conversations/test	http://localhost:3000
20230114	05:39:55	b3726684-72f4-4439-90fe-52d4342899d4	GET	/api/v1/conversations/all-conversations/daniel	http://localhost:3000
20230114	05:41:12	52955870-40e0-4cec-bd76-a9729f7e2a96	GET	/api/v1/conversations/all-conversations/test	http://localhost:3000
20230114	05:48:11	49189610-2573-4968-a4b8-eaaa6be32e6c	GET	/api/v1/conversations/all-conversations/daniel	http://localhost:3000
20230114	05:48:14	f3169091-91c0-4ff2-a593-bc8bfdc2278f	GET	/api/v1/conversations/all-conversations/test	http://localhost:3000
20230114	05:49:06	e397774d-3c02-40d4-aeba-6c3057c1cbba	GET	/api/v1/conversations/all-conversations/daniel	http://localhost:3000
20230114	05:49:16	36877f59-2c5d-4c01-a60c-bea70c19ed0e	GET	/api/v1/conversations/all-conversations/daniel	http://localhost:3000
20230114	05:49:16	308df14d-37a6-4f5d-9a8c-a9568a2eb4d3	GET	/api/v1/conversations/all-conversations/daniel	http://localhost:3000
20230114	05:49:17	b3e6d874-5da0-4f76-90b4-bd7e9f14211e	GET	/api/v1/conversations/all-conversations/design	http://localhost:3000
20230114	05:49:19	d94d3d3b-1821-47fe-87ef-f641faaa86b2	GET	/api/v1/conversations/all-conversations/deniel	http://localhost:3000
20230114	05:50:00	58ab7479-52f9-4581-aeee-0a8f8c45ddde	GET	/api/v1/conversations/all-conversations/test	http://localhost:3000
20230114	05:50:02	a5885b7c-6a84-4255-966f-3d3496564bc8	GET	/api/v1/conversations/all-conversations/deniel	http://localhost:3000
20230114	05:50:32	4a0cbe48-a4aa-4ee0-9849-1568cb4a597a	GET	/api/v1/conversations/all-conversations/design	http://localhost:3000
20230114	05:51:04	b9ba630e-8dd6-4544-97d0-af51cd513a52	GET	/api/v1/conversations/all-conversations/design	http://localhost:3000
20230114	05:51:09	3ff1f54e-b5cb-4e2d-8055-ad6fe0bc61a5	GET	/api/v1/conversations/all-conversations/deniel	http://localhost:3000
20230114	05:51:12	1b44374d-602b-4b0d-9236-d95cf929d716	GET	/api/v1/conversations/all-conversations/test	http://localhost:3000
20230114	05:51:39	65c0c05e-e2a0-4b38-b022-12b2af5eeb08	GET	/api/v1/conversations/all-conversations/test	http://localhost:3000
20230114	05:51:40	713809bd-0738-49e2-99fb-a075e5bc86cf	GET	/api/v1/conversations/all-conversations/deniel	http://localhost:3000
20230114	05:51:41	2c706838-72a5-40d3-a5ac-877d3a5e74b0	GET	/api/v1/conversations/all-conversations/test	http://localhost:3000
20230114	05:51:53	a78a3536-b84f-46d7-b8cb-1d6d49f4d080	GET	/api/v1/conversations/all-conversations/test	http://localhost:3000
20230114	05:51:53	a210a3c7-b6c3-4064-8b87-7703567397b2	GET	/api/v1/conversations/all-conversations/deniel	http://localhost:3000
20230114	05:51:55	d5f1dd5d-0957-4bf7-aeef-4d75edbbb271	GET	/api/v1/conversations/all-conversations/michel	http://localhost:3000
20230114	05:51:55	2c855f90-317d-4325-90b3-a98195b3f5cc	GET	/api/v1/conversations/all-conversations/design	http://localhost:3000
20230114	05:51:59	8963c03b-ad35-4e9e-acfb-026042907918	GET	/api/v1/conversations/all-conversations/michel	http://localhost:3000
20230114	05:51:59	7b7ae7c4-f637-48c8-a10d-7ce7f998b47d	GET	/api/v1/conversations/all-conversations/michel	http://localhost:3000
20230114	05:52:09	0971232a-c3e8-4a12-b8cb-44aa0a9a7d84	GET	/api/v1/conversations/all-conversations/test	http://localhost:3000
20230114	05:52:11	bdf1ccb8-a642-4673-beb8-a60566953b04	GET	/api/v1/messages/all-messages/63c1bef20eeeb5ef92534324	http://localhost:3000
20230114	05:52:13	3851d7ae-44a5-4069-b3c0-ec0d921a7050	GET	/api/v1/messages/all-messages/63c1bef20eeeb5ef92534326	http://localhost:3000
20230114	05:52:14	f311a452-c2a6-46cb-a510-9596db2fc22a	GET	/api/v1/messages/all-messages/63c1bef20eeeb5ef92534324	http://localhost:3000
20230114	05:52:20	5073194e-6958-4878-822c-eea2ffc83d86	GET	/api/v1/conversations/all-conversations	http://localhost:3000
20230114	05:52:20	8b35a391-32d9-4657-bd8b-5140eec256cc	GET	/api/v1/conversations/all-conversations	http://localhost:3000
20230114	05:52:21	45ceb4a2-f323-418c-a5a9-80f5478886a8	GET	/api/v1/messages/all-messages/63c1bef20eeeb5ef92534324	http://localhost:3000
20230114	05:53:21	8b5e2658-a069-4317-aef0-0aab5ad4759b	GET	/api/v1/conversations/all-conversations/michel	http://localhost:3000
20230114	05:53:21	fb0c0a06-30e0-478b-b368-f3bee455c753	GET	/api/v1/conversations/all-conversations/michel	http://localhost:3000
20230114	05:53:22	8121563b-0be1-4260-8a9d-6724626e87a0	GET	/api/v1/conversations/all-conversations/design	http://localhost:3000
20230114	05:53:22	fb141d41-1467-46b0-93a3-1b59be07f0d5	GET	/api/v1/conversations/all-conversations/michel	http://localhost:3000
20230114	05:53:38	c94124be-1101-42f9-b54a-840ebcc6ce84	GET	/api/v1/conversations/all-conversations/michel	http://localhost:3000
20230114	05:53:38	e148ceb9-ce74-495e-8e9f-7feb0bfb39ce	GET	/api/v1/conversations/all-conversations/michel	http://localhost:3000
20230114	05:53:40	ee0d9628-c44f-4b6e-87da-667ee5362a2a	GET	/api/v1/conversations/all-conversations/mark	http://localhost:3000
20230114	05:53:41	49cdda57-6080-484b-9434-6d03c0d73622	GET	/api/v1/conversations/all-conversations/hcpod1	http://localhost:3000
20230114	05:53:41	48e16453-5cbe-4150-8e31-8cf42142ed65	GET	/api/v1/conversations/all-conversations/hcpod2	http://localhost:3000
20230114	05:55:31	e0d463cd-991a-4c3c-bd65-1820e4bb9d61	GET	/api/v1/conversations/all-conversations/hcpod2	http://localhost:3000
20230114	05:56:13	5faa7622-59fe-4275-8d8d-d1cba8eeeb7e	GET	/api/v1/conversations/all-conversations/hcpod2	http://localhost:3000
20230114	05:56:51	58ec6761-93e2-4e61-afe1-796462c5a23b	GET	/api/v1/conversations/all-conversations/hcpod2	http://localhost:3000
20230114	05:57:22	00f217e2-11e2-4664-8796-28760b023db5	GET	/api/v1/conversations/all-conversations/hcpod2	http://localhost:3000
20230114	05:57:38	5e83e822-7652-4b75-9c21-8780a8083abc	GET	/api/v1/conversations/all-conversations/hcpod2	http://localhost:3000
20230114	05:57:46	f530319f-6763-45ce-829d-ac04e29da05d	GET	/api/v1/conversations/all-conversations/hcpod2	http://localhost:3000
20230114	05:57:50	af8742ce-cc56-418f-94bb-6f7776b0b917	GET	/api/v1/conversations/all-conversations/hcpod2	http://localhost:3000
20230114	05:57:59	6e832f03-25bb-4cb4-b463-f2a25ed2efdf	GET	/api/v1/conversations/all-conversations/hcpod2	http://localhost:3000
20230114	05:58:05	46cfaad3-c6e3-4d6a-a466-c207a0058fe8	GET	/api/v1/conversations/all-conversations/hcpod2	http://localhost:3000
20230114	05:58:08	3df53ffe-b8ce-4c75-a747-9e357738a1d5	GET	/api/v1/conversations/all-conversations/hcpod2	http://localhost:3000
20230114	05:58:23	1a70601d-ac56-4f71-9599-bea9b76c9189	GET	/api/v1/conversations/all-conversations/development	http://localhost:3000
20230114	05:58:24	290cb301-fff3-4634-a5c9-5d267d1dd28d	GET	/api/v1/conversations/all-conversations/design	http://localhost:3000
20230114	05:58:26	06b31474-e644-4e3a-b0c0-752a7eb291e6	GET	/api/v1/conversations/all-conversations/test	http://localhost:3000
20230114	05:58:35	c1eebe81-1444-40b6-a4b0-abe5c7aa67f6	GET	/api/v1/conversations/all-conversations/test	http://localhost:3000
20230114	05:58:36	ab5e65d0-500f-41cb-ad13-1128a74e49c9	GET	/api/v1/conversations/all-conversations/hcpod1	http://localhost:3000
20230114	05:58:37	80bdecf6-a95b-40d1-bf24-e54b6c7f711e	GET	/api/v1/conversations/all-conversations/michel	http://localhost:3000
20230114	05:58:39	a8c62d95-4b4b-44a4-a188-4af02fe08381	GET	/api/v1/conversations/all-conversations/hcpod2	http://localhost:3000
20230114	05:58:41	19e37f23-d5df-4242-a09f-5bbdb81052d8	GET	/api/v1/conversations/all-conversations/hcpod2	http://localhost:3000
20230114	05:58:41	0e3246b6-4ed1-4554-9068-2f1e1866bc3b	GET	/api/v1/conversations/all-conversations/hcpod2	http://localhost:3000
20230114	05:58:56	97d05496-aade-4a16-a56e-bb2fffe5c0cb	GET	/api/v1/conversations/all-conversations/hcpod2	http://localhost:3000
20230114	05:59:18	5ecb0c7d-680c-452a-aa65-7e6a2e79fa8f	GET	/api/v1/conversations/all-conversations/hcpod2	http://localhost:3000
20230114	05:59:25	5bc134e7-ff40-4449-a2e7-27af0ecd59db	GET	/api/v1/conversations/all-conversations/hcpod2	http://localhost:3000
20230114	05:59:29	7f14edf0-3945-4727-a3ba-769fdce06885	GET	/api/v1/conversations/all-conversations/hcpod2	http://localhost:3000
20230114	05:59:47	4333c020-e8df-4c71-be9e-67094bcce7fa	GET	/api/v1/conversations/all-conversations/deniel	http://localhost:3000
20230114	05:59:49	8662bd8c-f1ac-4e89-a927-c5cc9fc36f09	GET	/api/v1/messages/all-messages/63c1bef20eeeb5ef92534324	http://localhost:3000
20230114	06:00:05	3dca75c9-747e-4ffd-a50a-05a81cd79ba8	GET	/api/v1/conversations/all-conversations/hcpod1	http://localhost:3000
20230114	06:00:17	f93a6f2f-8fc4-45c6-8552-167acfd9491a	GET	/api/v1/conversations/all-conversations/design	http://localhost:3000
20230114	06:00:20	89a7efb3-4f2f-485e-9aba-b2390a7e920d	GET	/api/v1/conversations/all-conversations/design	http://localhost:3000
20230114	06:00:20	77dbfd66-cd0b-49da-96d7-ad37177434ab	GET	/api/v1/conversations/all-conversations/design	http://localhost:3000
20230114	06:00:22	e941d912-4e2e-462f-aee2-e126aefa2136	GET	/api/v1/messages/all-messages/63c1bef20eeeb5ef92534324	http://localhost:3000
20230114	06:00:25	f3f6a957-cd80-4d7f-a279-a4b282ee5450	GET	/api/v1/conversations/all-conversations/hcpod2	http://localhost:3000
20230114	06:00:39	01073574-155f-4c16-9453-05487b7ed165	GET	/api/v1/conversations/all-conversations/hcpod2	http://localhost:3000
20230114	06:00:39	d2a56606-b01f-41a3-8b48-904e0ae52361	GET	/api/v1/conversations/all-conversations/hcpod2	http://localhost:3000
20230114	06:00:47	4e4190de-9c2e-4f33-a5c4-1748667ba324	GET	/api/v1/conversations/all-conversations/deniel	http://localhost:3000
20230114	06:00:49	d1d34013-1fdb-4d93-bfca-0c2fc236fac7	GET	/api/v1/conversations/all-conversations	http://localhost:3000
20230114	06:00:49	4146d80c-e1e9-466d-bff9-7fa2070ae234	GET	/api/v1/conversations/all-conversations	http://localhost:3000
20230114	06:00:50	bc663a27-e9c9-4e25-b233-48d449203c79	GET	/api/v1/messages/all-messages/63c1bef20eeeb5ef92534324	http://localhost:3000
20230114	06:00:53	0a1bfe15-fa25-4e13-a6fc-3b0a2c68cc24	GET	/api/v1/conversations/all-conversations/hcpod1	http://localhost:3000
20230114	06:00:53	f3368e3b-ef0c-46c8-b98a-7d33be9394a1	GET	/api/v1/conversations/all-conversations/hcpod1	http://localhost:3000
20230114	06:00:55	7d676247-4e83-4cd3-9123-7f71ed35b306	GET	/api/v1/conversations/all-conversations/deniel	http://localhost:3000
20230114	06:00:57	79dd3da9-da81-4cfb-9db7-bca09ecc091d	GET	/api/v1/messages/all-messages/63c1bef20eeeb5ef92534324	http://localhost:3000
20230114	06:00:58	cff069ae-06c5-4e56-abe8-014aa20036d7	GET	/api/v1/conversations/all-conversations/hcpod1	http://localhost:3000
20230114	06:01:32	903dca8e-d7d6-496d-9eda-912a5a32b3fd	GET	/api/v1/conversations/all-conversations/hcpod1	http://localhost:3000
20230114	06:01:34	4c59cee6-330a-4156-ac3a-70d43e52f403	GET	/api/v1/conversations/all-conversations/design	http://localhost:3000
20230114	06:01:36	b3cdd6aa-5dd4-49db-9246-8524d413b8e4	GET	/api/v1/conversations/all-conversations/deniel	http://localhost:3000
20230114	06:01:37	4a165b3d-2cd4-4f30-8fa0-b5a1d9054756	GET	/api/v1/conversations/all-conversations/design	http://localhost:3000
20230114	06:01:38	d7449048-9bbc-432e-b4ff-41e57c8c97aa	GET	/api/v1/conversations/all-conversations/michel	http://localhost:3000
20230114	06:01:39	4b4f1e2d-967f-4825-94ed-9623305bfb9c	GET	/api/v1/conversations/all-conversations/development	http://localhost:3000
20230114	06:01:41	099759a4-ceb5-46f8-a89e-fc716f5ce30e	GET	/api/v1/conversations/all-conversations/deniel	http://localhost:3000
20230114	06:01:41	581cd766-8630-421f-a282-4db44e88bfc5	GET	/api/v1/conversations/all-conversations/design	http://localhost:3000
20230114	06:01:42	6455f683-aa9b-4258-a245-a9dd9212a754	GET	/api/v1/conversations/all-conversations/test	http://localhost:3000
20230114	06:01:45	4b3541c4-76df-42aa-84b4-6867c183f634	GET	/api/v1/conversations/all-conversations/hcpod1	http://localhost:3000
20230114	06:01:46	3c75a53e-7a01-4f15-9830-3fede80504ce	GET	/api/v1/conversations/all-conversations/test	http://localhost:3000
20230114	06:01:48	6d9df8d4-5442-409c-9b09-cae83c06c45c	GET	/api/v1/conversations/all-conversations	http://localhost:3000
20230114	06:01:48	497a5320-bd70-4e79-bcf8-5ebf7dd91a58	GET	/api/v1/conversations/all-conversations	http://localhost:3000
20230114	06:01:49	d403bfcb-6845-4201-bf9b-762b95206f73	GET	/api/v1/messages/all-messages/63c1bef20eeeb5ef92534324	http://localhost:3000
20230114	06:01:50	645cf372-cd6a-450c-8a86-4e6366fbb587	GET	/api/v1/messages/all-messages/63c1bef20eeeb5ef92534325	http://localhost:3000
20230114	06:01:51	d39ced5d-7645-43eb-b8de-494bdba02cef	GET	/api/v1/messages/all-messages/63c1bef20eeeb5ef92534326	http://localhost:3000
20230114	06:01:51	2f959ca6-e49d-49bf-9b8e-2ede4550feee	GET	/api/v1/messages/all-messages/63c1bef20eeeb5ef92534324	http://localhost:3000
20230114	06:01:53	2c982505-f010-4dae-87b8-72939a464a47	GET	/api/v1/conversations/all-conversations/hcpod1	http://localhost:3000
20230114	06:01:53	84c21ef9-4b90-4e41-aeea-009e8f13a4d8	GET	/api/v1/conversations/all-conversations/hcpod1	http://localhost:3000
20230114	06:01:54	38fea0bb-4e80-4942-9b14-e78821152218	GET	/api/v1/conversations/all-conversations	http://localhost:3000
20230114	06:01:54	37737c40-d3e4-4dbd-a3e3-8ec15cacc24f	GET	/api/v1/conversations/all-conversations	http://localhost:3000
20230114	06:01:56	7c2ccdbe-4f05-4d54-8853-08360a8ef886	GET	/api/v1/messages/all-messages/63c1bef20eeeb5ef92534324	http://localhost:3000
20230114	06:02:06	6031d055-f122-44fa-a56e-c0e08479b5b4	GET	/api/v1/conversations/all-conversations/mark	http://localhost:3000
20230114	06:02:06	bfd696a9-e004-44bb-9554-05ef5ead880f	GET	/api/v1/conversations/all-conversations/mark	http://localhost:3000
20230114	06:02:08	a1319678-100d-416d-b51a-b6b93c039834	GET	/api/v1/conversations/all-conversations/test	http://localhost:3000
20230114	06:02:09	6102789e-e898-451e-b25e-5834d0671fbb	GET	/api/v1/conversations/all-conversations	http://localhost:3000
20230114	06:02:09	18ccff79-b121-487b-ac61-ef78273ea6a9	GET	/api/v1/conversations/all-conversations	http://localhost:3000
20230114	06:02:10	4a642e3d-f752-4d68-887c-0fdada482ee2	GET	/api/v1/conversations/all-conversations	http://localhost:3000
20230114	06:02:10	d393b28e-2d09-47cd-ac8b-ebadc7657aba	GET	/api/v1/conversations/all-conversations	http://localhost:3000
20230114	06:02:10	f298475b-a8c8-4761-8ea9-53e1c5df53b5	GET	/api/v1/conversations/all-conversations	http://localhost:3000
20230114	06:02:10	c0ea3b53-d9c4-4f35-af61-eed7d4894980	GET	/api/v1/conversations/all-conversations	http://localhost:3000
20230114	06:02:10	479c2321-76c5-4757-8c9c-98153161ca03	GET	/api/v1/conversations/all-conversations	http://localhost:3000
20230114	06:02:10	cef40a30-ca66-4ddd-bc82-f558e27d16d1	GET	/api/v1/conversations/all-conversations	http://localhost:3000
20230114	06:02:15	0ba35cfd-069d-41e9-a083-22cf4bcbf4a5	GET	/api/v1/messages/all-messages/63c1bef20eeeb5ef92534324	http://localhost:3000
20230114	06:07:28	8f35509d-0289-4826-abc1-b347c100ac5d	GET	/api/v1/conversations/all-conversations	http://localhost:3000
20230114	06:07:28	6ebce515-0696-4fb7-9c25-2d48a46c00d5	GET	/api/v1/conversations/all-conversations	http://localhost:3000
20230114	06:07:33	d1f2ac6f-5e9b-4121-b110-0b363e3851ac	GET	/api/v1/conversations/all-conversations/test	http://localhost:3000
20230114	06:07:33	4fe70a24-ea95-462a-8cde-7b263adf7da4	GET	/api/v1/conversations/all-conversations/test	http://localhost:3000
20230114	06:07:33	b091de36-da8e-467a-8857-e3eb8b47419e	GET	/api/v1/conversations/all-conversations/deniel	http://localhost:3000
20230114	06:07:34	52a2d451-d95d-4d98-ac07-dec87c4ba617	GET	/api/v1/conversations/all-conversations/michel	http://localhost:3000
20230114	06:07:35	3a922419-68c2-46d6-8317-d1bac50b8c41	GET	/api/v1/conversations/all-conversations/hcpod2	http://localhost:3000
20230114	06:07:36	135a7fc4-27cd-42bd-b978-e97fa7c7663b	GET	/api/v1/conversations/all-conversations/mark	http://localhost:3000
20230114	06:07:37	8bf83880-0435-4e38-a356-03e0a90cf435	GET	/api/v1/conversations/all-conversations	http://localhost:3000
20230114	06:07:37	7c85235e-b1cb-41bb-8c92-e464db300eee	GET	/api/v1/conversations/all-conversations	http://localhost:3000
20230114	06:07:41	d20e7960-8270-4e66-9c0c-071814d17860	GET	/api/v1/conversations/all-conversations	http://localhost:3000
20230114	06:07:41	d99e00f5-9cec-48c3-9c88-6c69e087f6ca	GET	/api/v1/conversations/all-conversations	http://localhost:3000
20230114	06:07:43	c4d93936-ab80-4706-a732-b4308c2ae77c	GET	/api/v1/conversations/all-conversations/hcpod1	http://localhost:3000
20230114	06:07:43	1828193f-a287-47ed-a9cf-6d19f95a40c5	GET	/api/v1/conversations/all-conversations/hcpod1	http://localhost:3000
20230114	06:07:45	014d96f2-61ad-4f30-b361-79ee00e04167	GET	/api/v1/conversations/all-conversations/design	http://localhost:3000
20230114	06:07:46	f5b22d96-7e09-421e-a6aa-7532c5985634	GET	/api/v1/messages/all-messages/63c1bef20eeeb5ef92534324	http://localhost:3000
20230114	06:07:48	6785547b-950d-4e89-b50d-a29e8befd773	GET	/api/v1/conversations/all-conversations/mark	http://localhost:3000
20230114	06:07:49	ace0cf8d-0a09-4af0-b3be-ea495479b0e7	GET	/api/v1/conversations/all-conversations	http://localhost:3000
20230114	06:07:49	3376231a-5af3-40e4-af91-71bd6e6429c3	GET	/api/v1/conversations/all-conversations	http://localhost:3000
20230114	06:07:50	4e33079e-593b-4a07-a42d-1c23053f30ec	GET	/api/v1/messages/all-messages/63c1bef20eeeb5ef92534324	http://localhost:3000
20230114	06:07:52	e98c471e-b66e-4664-ba3c-ca57abe9a7fd	GET	/api/v1/conversations/all-conversations/deniel	http://localhost:3000
20230114	06:07:52	e0169d3b-5419-43df-845e-037c4f01d615	GET	/api/v1/conversations/all-conversations/deniel	http://localhost:3000
20230114	06:07:53	efcbcb4d-d0bc-4df0-a6ca-9282ae948907	GET	/api/v1/conversations/all-conversations/test	http://localhost:3000
20230114	06:07:55	2ae9ff79-83a7-4f57-be77-ad835273c186	GET	/api/v1/conversations/all-conversations	http://localhost:3000
20230114	06:07:55	5e8bcc2d-16e6-4f2c-8093-649e251a4a5e	GET	/api/v1/conversations/all-conversations	http://localhost:3000
20230114	06:07:56	db385b4d-7d56-45df-969d-9fed22ebf23d	GET	/api/v1/messages/all-messages/63c1bef20eeeb5ef92534324	http://localhost:3000
20230114	06:07:58	0416fa43-b86d-4ede-8f0b-8cf452c426cf	GET	/api/v1/conversations/all-conversations/test	http://localhost:3000
20230114	06:07:58	67ba8061-e7e6-4128-80a0-46b89670ef58	GET	/api/v1/conversations/all-conversations/test	http://localhost:3000
20230114	06:07:59	6d1b8fc7-9db7-44f1-8043-d5465bdf96fd	GET	/api/v1/messages/all-messages/63c1bef20eeeb5ef92534324	http://localhost:3000
20230114	06:08:28	00e2c86b-7f47-4fd7-8aa4-b37c04797dd2	GET	/api/v1/conversations/all-conversations	http://localhost:3000
20230114	06:08:28	7918bcc1-d7da-4f60-b1f3-7c058b541b41	GET	/api/v1/conversations/all-conversations	http://localhost:3000
20230114	06:08:34	804b3d4c-61b2-4a44-9468-baf11ee7e969	GET	/api/v1/conversations/all-conversations/test	http://localhost:3000
20230114	06:08:34	fe2eea05-95a0-4ba8-a49a-7ae6adc80df9	GET	/api/v1/conversations/all-conversations/test	http://localhost:3000
20230114	06:08:35	99a03771-2fb7-40ff-a95f-69ec9d6f39d0	GET	/api/v1/messages/all-messages/63c1bef20eeeb5ef92534324	http://localhost:3000
20230114	06:08:38	25c72476-6794-452f-9ae8-e2b73c6fd508	GET	/api/v1/messages/all-messages/63c1bef20eeeb5ef92534326	http://localhost:3000
20230114	06:08:40	81bb5a51-2bc0-4c44-8c6a-4b1685537b41	GET	/api/v1/messages/all-messages/63c1bef20eeeb5ef92534324	http://localhost:3000
20230114	06:08:41	807eafc4-02a7-44e2-8e40-7d3013fc9013	GET	/api/v1/messages/all-messages/63c1bef20eeeb5ef92534326	http://localhost:3000
20230114	06:08:41	6129cee0-7433-4ddc-bdf5-b8ecf9a118f8	GET	/api/v1/messages/all-messages/63c1bef20eeeb5ef92534324	http://localhost:3000
20230114	06:08:42	ce8221fa-3b04-4dc7-bf16-4c647773bfc4	GET	/api/v1/messages/all-messages/63c1bef20eeeb5ef92534326	http://localhost:3000
20230114	06:09:31	8f4c7b5c-3dc4-450b-98d5-7c8eeb925550	GET	/api/v1/messages/all-messages/63c1bef20eeeb5ef92534324	http://localhost:3000
20230114	06:09:32	d14ade52-ecdc-4ff4-bbdc-166b7e30548a	GET	/api/v1/messages/all-messages/63c1bef20eeeb5ef92534326	http://localhost:3000
